<?xml version="1.0" encoding="UTF-8"?>
<!-- Generated by org.testng.reporters.JUnitReportReporter -->
<testsuite hostname="DESKTOP-RGU3BLL" failures="0" tests="2" name="pPages.LogIn" time="98.422" errors="0" timestamp="2022-11-14T15:30:02 IST" skipped="0">
  <testcase classname="pPages.LogIn" name="NavigateLogin" time="49.470"/>
  <system-out/>
  <testcase classname="pPages.LogIn" name="NavigateLogin" time="48.952"/>
  <system-out/>
</testsuite> <!-- pPages.LogIn -->
