<?xml version="1.0" encoding="UTF-8"?>
<!-- Generated by org.testng.reporters.JUnitReportReporter -->
<testsuite hostname="DESKTOP-RGU3BLL" failures="0" tests="1" name="pPages.Home" time="49.954" errors="0" timestamp="2022-11-14T15:27:55 IST" skipped="0">
  <testcase classname="pPages.Home" name="NavigateDriverr" time="49.954"/>
  <system-out/>
</testsuite> <!-- pPages.Home -->
